[05/18/26 19:43:08] info     ================= cer started =================
[05/18/26 19:43:08] info     C:\Program Files\Autodesk\AutoCAD 2027\cer.dll, 7.2.4+20251128.8f05bb68.927
[05/18/26 19:43:08] info     Setting key SP/SDK_VERSION, value 7.2.4+20251128.8f05bb68.927 (maxCount 1)
[05/18/26 19:43:08] info     Setting key SP/PRODUCT_NAME_HASH, value f4bac121a1625586cb5b9106c8e839a7990f2b6c (maxCount 1)
[05/18/26 19:43:08] info     Setting key SP/RUNTIME_ARCH, value 1 (maxCount 1)
[05/18/26 19:43:08] info     Set senddmp exe path to C:\Program Files\Autodesk\AutoCAD 2027\CER\senddmp.exe
[05/18/26 19:43:08] info     The cer_service exe C:\Program Files\Autodesk\AutoCAD 2027\CER\service\cer_service.exe is not in folder C:\Program Files\Autodesk\AutoCAD 2027\CER\, it's not a sandbox
[05/18/26 19:43:08] info     Set upi exe path to C:\Program Files\Autodesk\AutoCAD 2027\CER\upi.exe
[05/18/26 19:43:08] info     launching C:\Program Files\Autodesk\AutoCAD 2027\CER\upi.exe --cmd=get-device-id C:\Users\ruisa\AppData\Local\Temp\15FCE767F24F74D1\Temp\upi_deviceid2
[05/18/26 19:43:08] info     Set deviceID2 to 2BA3DD18F0B6812D04135D4F3F374A2216DA21C4F41F310FE2560980DFE184B2&3FD913AE796F83D8420D8B33AAA1F2B8D5E32277063E0A962F69B241688E9455&51603EBEAC42C0FC3EBCB88F5E540F787414B573BD0F6533CB31B8D76507D666
[05/18/26 19:43:08] info     Setting key SP/DEVICEID2, value 2BA3DD18F0B6812D04135D4F3F374A2216DA21C4F41F310FE2560980DFE184B2&3FD913AE796F83D8420D8B33AAA1F2B8D5E32277063E0A962F69B241688E9455&51603EBEAC42C0FC3EBCB88F5E540F787414B573BD0F6533CB31B8D76507D666 (maxCount 1)
[05/18/26 19:43:08] info     Setting key SP/UUID, value f4bac121a1625586cb5b9106c8e839a7990f2b6c2BA3DD18F0B6812D04135D4F3F374A2216DA21C4F41F310FE2560980DFE184B2&3FD913AE796F83D8420D8B33AAA1F2B8D5E32277063E0A962F69B241688E9455&51603EBEAC42C0FC3EBCB88F5E540F787414B573BD0F6533CB31B8D76507D666 (maxCount 1)
[05/18/26 19:43:08] info     Set senddmp exe path to C:\Program Files\Autodesk\AutoCAD 2027\CER\senddmp.exe
[05/18/26 19:43:08] info     The cer_service exe C:\Program Files\Autodesk\AutoCAD 2027\CER\service\cer_service.exe is not in folder C:\Program Files\Autodesk\AutoCAD 2027\CER\, it's not a sandbox
[05/18/26 19:43:08] info     launching C:\Program Files\Autodesk\AutoCAD 2027\CER\upi.exe "C:\Program Files\Autodesk\AutoCAD 2027\en-US\UPI\upiconfig.xml" C:\Users\ruisa\AppData\Local\Temp\15FCE767F24F74D1\Temp\upi_info.xml
[05/18/26 19:43:08] info     Setting key SP/UPI_PRODUCT, value ACD (maxCount 1)
[05/18/26 19:43:08] info     Setting key SP/UPI_RELEASE, value 2027 (maxCount 1)
[05/18/26 19:43:08] info     Setting key SP/UPI_MASTER, value {28B89EEF-A101-0409-2102-CF3F3A09B77D} (maxCount 1)
[05/18/26 19:43:08] info     Setting key SP/UPI_BUILD, value 26.0.60.0.0 (maxCount 1)
[05/18/26 19:43:08] info     Setting key SP/UPI_FULL_XML, value <?xml version="1.0"?><upipackage><upivalue version="1.0" type="product" requestingapp="true"><level name="productline" id="ACD"><level name="release" id="2027"><level name="master" id="{28B89EEF-A101-0409-2102-CF3F3A09B77D}"><level name="build" id="26.0.60.0.0"/></level></level></level></upivalue>
<upivalue version="1.0" type="product"><level name="productline" id="ACD"><level name="release" id="2027"><level name="master" id="{28B89EEF-A101-0000-0102-CF3F3A09B77D}"><level name="build" id="26.0.60.0.0"/></level></level></level></upivalue>
<upivalue version="1.0" type="product"><level name="productline" id="ACD"><level name="release" id="2027"><level name="master" id="{28B89EEF-A101-0409-1102-CF3F3A09B77D}"><level name="build" id="26.0.60.0.0"/></level></level></level></upivalue>
<upivalue version="1.0" type="product"><level name="productline" id="ARCHDESK"><level name="release" id="2027"><level name="master" id="{28B89EEE-A104-0000-5102-CF3F3A09B77D}"><level name="build" id="8.9.46.0"/></level></level></level></upivalue>
<upivalue version="1.0" type="product"><level name="productline" id="RVT"><level name="release" id="2027"><level name="master" id="MUI64"><level name="build" id="27.0.20.10"/></level></level></level></upivalue>
</upipackage> (maxCount 1)
[05/18/26 19:43:08] info     set legacy options: /APPICON "C:\Program Files\Autodesk\AutoCAD 2027\AcBrandRes.dll" /APPICONID 1
[05/18/26 19:43:08] info     Setting key RP/AppIcon, value C:\Program Files\Autodesk\AutoCAD 2027\AcBrandRes.dll (maxCount 1)
[05/18/26 19:43:08] info     Setting key RP/AppIconId, value 1 (maxCount 1)
[05/18/26 19:43:08] info     Setting key RP/CadSettingsRegPath, value Software\Autodesk\AutoCAD\R26.0\ACAD-A101:409\CadManagerControl\CustomerErrorReport (maxCount 1)
[05/18/26 19:43:08] info     Setting key RP/AppLocaleId, value 1033 (maxCount 1)
[05/18/26 19:43:08] info     Setting key RP/AppXML, value <ProductInformation name ="AutoCAD" build_version="X.60.0.0(x64)" registry_version="26.0" install_id_string="15FCE767F24F74D1" registry_localeID="1033" git_commit_id="90c984aa66a571142ee0757584bac517eec2175a" /> (maxCount 100)
[05/18/26 19:43:08] info     Setting key SP/THEME_TYPE, value Blue (maxCount 1)
[05/18/26 19:43:08] info     Setting key SP/EXCEPTION_INFO_POINTER, value 140705594311960 (maxCount 1)
[05/18/26 19:43:08] info     Setting key SP/THREAD_ID, value 4294967295 (maxCount 1)
[05/18/26 19:43:08] info     Get key SP/THREAD_ID, index 0: "4294967295"
[05/18/26 19:43:08] info     Setting key SP/WER, value 0 (maxCount 1)
[05/18/26 19:43:08] info     Get key SP/WER, index 0: "0"
[05/18/26 19:43:08] info     Registered C:\Program Files\Autodesk\AutoCAD 2027\cer.dll as WER runtime exception module
[05/18/26 19:43:08] info     Current ErrorMode is 32769
[05/18/26 19:43:08] debug    Receiver ping: pong
